<?xml version="1.0" encoding="UTF-8"?>
<testng-results ignored="0" total="1" passed="1" failed="0" skipped="0">
  <reporter-output>
  </reporter-output>
  <suite started-at="2021-07-09T17:16:28Z" name="Default suite" finished-at="2021-07-09T17:31:17Z" duration-ms="888889">
    <groups>
    </groups>
    <test started-at="2021-07-09T17:16:28Z" name="Default test" finished-at="2021-07-09T17:31:17Z" duration-ms="888889">
      <class name="com.qa.testcases.UKFD_ERP_Testcases">
        <test-method is-config="true" signature="setExtent()[pri:0, instance:com.qa.testcases.UKFD_ERP_Testcases@47d90b9e]" started-at="2021-07-09T17:16:28Z" name="setExtent" finished-at="2021-07-09T17:16:28Z" duration-ms="268" status="PASS">
          <reporter-output>
          </reporter-output>
        </test-method> <!-- setExtent -->
        <test-method is-config="true" signature="setUp()[pri:0, instance:com.qa.testcases.UKFD_ERP_Testcases@47d90b9e]" started-at="2021-07-09T17:16:28Z" name="setUp" finished-at="2021-07-09T17:16:48Z" duration-ms="19955" status="PASS">
          <reporter-output>
          </reporter-output>
        </test-method> <!-- setUp -->
        <test-method signature="TradeOrderViaContactCentreCarpet(java.lang.String, java.lang.String, java.lang.String, java.lang.String, java.lang.String, java.lang.String, java.lang.String, java.lang.String, java.lang.String, java.lang.String, java.lang.String)[pri:1, instance:com.qa.testcases.UKFD_ERP_Testcases@47d90b9e]" started-at="2021-07-09T17:16:50Z" name="TradeOrderViaContactCentreCarpet" data-provider="TradeOrderViaContactCentreCarpet" finished-at="2021-07-09T17:31:12Z" duration-ms="861959" status="PASS">
          <params>
            <param index="0">
              <value>
                <![CDATA[1341117 sindhuja return]]>
              </value>
            </param>
            <param index="1">
              <value>
                <![CDATA[CAR-MAD-OSC : CAR-MAD-OSC-4]]>
              </value>
            </param>
            <param index="2">
              <value>
                <![CDATA[1]]>
              </value>
            </param>
            <param index="3">
              <value>
                <![CDATA[Carpet Delivery Test]]>
              </value>
            </param>
            <param index="4">
              <value>
                <![CDATA[N/A]]>
              </value>
            </param>
            <param index="5">
              <value>
                <![CDATA[]]>
              </value>
            </param>
            <param index="6">
              <value>
                <![CDATA[737]]>
              </value>
            </param>
            <param index="7">
              <value>
                <![CDATA[UKFD Sales Order Proforma (2)]]>
              </value>
            </param>
            <param index="8">
              <value>
                <![CDATA[4739617]]>
              </value>
            </param>
            <param index="9">
              <value>
                <![CDATA[test]]>
              </value>
            </param>
            <param index="10">
              <value>
                <![CDATA[A002]]>
              </value>
            </param>
          </params>
          <reporter-output>
          </reporter-output>
        </test-method> <!-- TradeOrderViaContactCentreCarpet -->
        <test-method is-config="true" signature="tearDown(org.testng.ITestResult)[pri:0, instance:com.qa.testcases.UKFD_ERP_Testcases@47d90b9e]" started-at="2021-07-09T17:31:12Z" name="tearDown" finished-at="2021-07-09T17:31:12Z" duration-ms="2" status="PASS">
          <params>
            <param index="0">
              <value>
                <![CDATA[[TestResult name=TradeOrderViaContactCentreCarpet status=SUCCESS method=UKFD_ERP_Testcases.TradeOrderViaContactCentreCarpet(java.lang.String, java.lang.String, java.lang.String, java.lang.String, java.lang.String, java.lang.String, java.lang.String, java.lang.String, java.lang.String, java.lang.String, java.lang.String)[pri:1, instance:com.qa.testcases.UKFD_ERP_Testcases@47d90b9e] output={null}]]]>
              </value>
            </param>
          </params>
          <reporter-output>
          </reporter-output>
        </test-method> <!-- tearDown -->
        <test-method is-config="true" signature="endReport()[pri:0, instance:com.qa.testcases.UKFD_ERP_Testcases@47d90b9e]" started-at="2021-07-09T17:31:12Z" name="endReport" finished-at="2021-07-09T17:31:17Z" duration-ms="5180" status="PASS">
          <reporter-output>
          </reporter-output>
        </test-method> <!-- endReport -->
      </class> <!-- com.qa.testcases.UKFD_ERP_Testcases -->
    </test> <!-- Default test -->
  </suite> <!-- Default suite -->
</testng-results>
