<?xml version="1.0" encoding="UTF-8"?>
<testng-results ignored="0" total="1" passed="1" failed="0" skipped="0">
  <reporter-output>
  </reporter-output>
  <suite started-at="2021-06-22T15:10:30Z" name="Default suite" finished-at="2021-06-22T15:14:02Z" duration-ms="212478">
    <groups>
    </groups>
    <test started-at="2021-06-22T15:10:30Z" name="Default test" finished-at="2021-06-22T15:14:02Z" duration-ms="212478">
      <class name="com.qa.testcases.SalesOrder_ContactCentre">
        <test-method is-config="true" signature="setExtent()[pri:0, instance:com.qa.testcases.SalesOrder_ContactCentre@4e91d63f]" started-at="2021-06-22T15:10:30Z" name="setExtent" finished-at="2021-06-22T15:10:30Z" duration-ms="249" status="PASS">
          <reporter-output>
          </reporter-output>
        </test-method> <!-- setExtent -->
        <test-method is-config="true" signature="setUp()[pri:0, instance:com.qa.testcases.SalesOrder_ContactCentre@4e91d63f]" started-at="2021-06-22T15:10:30Z" name="setUp" finished-at="2021-06-22T15:10:41Z" duration-ms="11216" status="PASS">
          <reporter-output>
          </reporter-output>
        </test-method> <!-- setUp -->
        <test-method signature="so_Creation_Contact_Centre(java.lang.String, java.lang.String, java.lang.String, java.lang.String, java.lang.String, java.lang.String, java.lang.String, java.lang.String, java.lang.String, java.lang.String, java.lang.String, java.lang.String, java.lang.String, java.lang.String, java.lang.String, java.lang.String, java.lang.String, java.lang.String, java.lang.String, java.lang.String)[pri:1, instance:com.qa.testcases.SalesOrder_ContactCentre@4e91d63f]" started-at="2021-06-22T15:10:42Z" name="so_Creation_Contact_Centre" data-provider="UKFD_Contact_Centre" finished-at="2021-06-22T15:13:58Z" duration-ms="196395" status="PASS">
          <params>
            <param index="0">
              <value>
                <![CDATA[Test_ukfd]]>
              </value>
            </param>
            <param index="1">
              <value>
                <![CDATA[customer3]]>
              </value>
            </param>
            <param index="2">
              <value>
                <![CDATA[abc@gmail.com]]>
              </value>
            </param>
            <param index="3">
              <value>
                <![CDATA[123456789]]>
              </value>
            </param>
            <param index="4">
              <value>
                <![CDATA[West]]>
              </value>
            </param>
            <param index="5">
              <value>
                <![CDATA[Pannels Ash]]>
              </value>
            </param>
            <param index="6">
              <value>
                <![CDATA[Pentlow]]>
              </value>
            </param>
            <param index="7">
              <value>
                <![CDATA[Sudbury]]>
              </value>
            </param>
            <param index="8">
              <value>
                <![CDATA[Essex]]>
              </value>
            </param>
            <param index="9">
              <value>
                <![CDATA[CO10 7JT]]>
              </value>
            </param>
            <param index="10">
              <value>
                <![CDATA[5 Call Centre]]>
              </value>
            </param>
            <param index="11">
              <value>
                <![CDATA[ACC-D41]]>
              </value>
            </param>
            <param index="12">
              <value>
                <![CDATA[1]]>
              </value>
            </param>
            <param index="13">
              <value>
                <![CDATA[Logix Road]]>
              </value>
            </param>
            <param index="14">
              <value>
                <![CDATA[Light parcel Menzies]]>
              </value>
            </param>
            <param index="15">
              <value>
                <![CDATA[N/A]]>
              </value>
            </param>
            <param index="16">
              <value>
                <![CDATA[Master Card]]>
              </value>
            </param>
            <param index="17">
              <value>
                <![CDATA[5555555555554444]]>
              </value>
            </param>
            <param index="18">
              <value>
                <![CDATA[03/2030]]>
              </value>
            </param>
            <param index="19">
              <value>
                <![CDATA[737]]>
              </value>
            </param>
          </params>
          <reporter-output>
          </reporter-output>
        </test-method> <!-- so_Creation_Contact_Centre -->
        <test-method is-config="true" signature="tearDown(org.testng.ITestResult)[pri:0, instance:com.qa.testcases.SalesOrder_ContactCentre@4e91d63f]" started-at="2021-06-22T15:13:58Z" name="tearDown" finished-at="2021-06-22T15:13:58Z" duration-ms="1" status="PASS">
          <params>
            <param index="0">
              <value>
                <![CDATA[[TestResult name=so_Creation_Contact_Centre status=SUCCESS method=SalesOrder_ContactCentre.so_Creation_Contact_Centre(java.lang.String, java.lang.String, java.lang.String, java.lang.String, java.lang.String, java.lang.String, java.lang.String, java.lang.String, java.lang.String, java.lang.String, java.lang.String, java.lang.String, java.lang.String, java.lang.String, java.lang.String, java.lang.String, java.lang.String, java.lang.String, java.lang.String, java.lang.String)[pri:1, instance:com.qa.testcases.SalesOrder_ContactCentre@4e91d63f] output={null}]]]>
              </value>
            </param>
          </params>
          <reporter-output>
          </reporter-output>
        </test-method> <!-- tearDown -->
        <test-method is-config="true" signature="endReport()[pri:0, instance:com.qa.testcases.SalesOrder_ContactCentre@4e91d63f]" started-at="2021-06-22T15:13:58Z" name="endReport" finished-at="2021-06-22T15:14:02Z" duration-ms="4054" status="PASS">
          <reporter-output>
          </reporter-output>
        </test-method> <!-- endReport -->
      </class> <!-- com.qa.testcases.SalesOrder_ContactCentre -->
    </test> <!-- Default test -->
  </suite> <!-- Default suite -->
</testng-results>
